<?xml version="1.0" encoding="UTF-8"?>
<testng-results ignored="1" total="2" passed="1" failed="0" skipped="0">
  <reporter-output>
  </reporter-output>
  <suite started-at="2023-08-17T06:19:39Z" name="Default suite" finished-at="2023-08-17T06:19:51Z" duration-ms="11424">
    <groups>
    </groups>
    <test started-at="2023-08-17T06:19:39Z" name="Default test" finished-at="2023-08-17T06:19:51Z" duration-ms="11424">
      <class name="APIpro">
        <test-method signature="unsuccessful()[pri:0, instance:APIpro@59e505b2]" started-at="2023-08-17T06:19:40Z" name="unsuccessful" finished-at="2023-08-17T06:19:51Z" duration-ms="10901" status="PASS">
          <reporter-output>
          </reporter-output>
        </test-method> <!-- unsuccessful -->
      </class> <!-- APIpro -->
    </test> <!-- Default test -->
  </suite> <!-- Default suite -->
</testng-results>
